<?xml version="1.0" encoding="UTF-8"?>
<testsuite xmlns:xsi="http://www.w3.org/2001/XMLSchema-instance" xsi:noNamespaceSchemaLocation="https://maven.apache.org/surefire/maven-surefire-plugin/xsd/surefire-test-report-3.0.xsd" version="3.0" name="org.example.RunCucumberTest" time="1.342" tests="3" errors="0" skipped="0" failures="0">
  <properties>
[...]
</properties>
  <testcase name="Verificar formas de pagamento disponíveis para o cliente - Cliente elegível para múltiplas formas de pagamento - Examples - Example #1.1" classname="Verificar formas de pagamento disponíveis para o cliente - Cliente elegível para múltiplas formas de pagamento - Examples" time="0.604">
    <system-out><![CDATA[
Scenario Outline: Cliente elegível para múltiplas formas de pagamento                                                    &amp#27;[90m# src/test/resources/org/example/verificar_formas_pagamento.feature:11&amp#27;[0m
  &amp#27;[32mGiven &amp#27;[0m&amp#27;[32mum cliente com &amp#27;[0m&amp#27;[32m&amp#27;[1m6&amp#27;[0m&amp#27;[32m meses de cadastro, situação de crédito &amp#27;[0m&amp#27;[32m&amp#27;[1m"boa"&amp#27;[0m&amp#27;[32m, valor do último pedido &amp#27;[0m&amp#27;[32m&amp#27;[1m500&amp#27;[0m&amp#27;[32m e último pagamento &amp#27;[0m&amp#27;[32m&amp#27;[1m250&amp#27;[0m &amp#27;[90m# org.example.VerificarFormasPagamentoSteps.um_cliente_com_meses_de_cadastro_situacao_de_credito_valor_do_ultimo_pedido_e_ultimo_pagamento(int,java.lang.String,int,int)&amp#27;[0m
  &amp#27;[32mAnd &amp#27;[0m&amp#27;[32mum pedido com valor de entrada &amp#27;[0m&amp#27;[32m&amp#27;[1m100&amp#27;[0m&amp#27;[32m e valor total &amp#27;[0m&amp#27;[32m&amp#27;[1m500&amp#27;[0m                                                               &amp#27;[90m# org.example.VerificarFormasPagamentoSteps.um_pedido_com_valor_de_entrada_e_valor_total(int,int)&amp#27;[0m
  &amp#27;[32mWhen &amp#27;[0m&amp#27;[32mverificar as formas de pagamento disponíveis&amp#27;[0m                                                                      &amp#27;[90m# org.example.VerificarFormasPagamentoSteps.verificar_as_formas_de_pagamento_disponiveis()&amp#27;[0m
  &amp#27;[32mThen &amp#27;[0m&amp#27;[32mas formas de pagamento disponíveis devem ser &amp#27;[0m&amp#27;[32m&amp#27;[1mPagamento à vista, Pagamento em 2 vezes com juros&amp#27;[0m                    &amp#27;[90m# org.example.VerificarFormasPagamentoSteps.as_formas_de_pagamento_disponíveis_devem_ser(java.lang.String)&amp#27;[0m
]]></system-out>
    <system-err><![CDATA[Feb 27, 2024 6:26:48 PM io.cucumber.junit.platform.engine.DiscoverySelectorResolver warnWhenCucumberFeaturesPropertyIsUsed
WARNING: Discovering tests using the cucumber.features property. Other discovery selectors are ignored!
Please request/upvote/sponsor/ect better support for JUnit 5 discovery selectors.
See: https://github.com/cucumber/cucumber-jvm/pull/2498
]]></system-err>
  </testcase>
  <testcase name="Verificar formas de pagamento disponíveis para o cliente - Cliente elegível para múltiplas formas de pagamento - Examples - Example #1.2" classname="Verificar formas de pagamento disponíveis para o cliente - Cliente elegível para múltiplas formas de pagamento - Examples" time="0.013">
    <system-out><![CDATA[
Scenario Outline: Cliente elegível para múltiplas formas de pagamento                                                                                                 &amp#27;[90m# src/test/resources/org/example/verificar_formas_pagamento.feature:12&amp#27;[0m
  &amp#27;[32mGiven &amp#27;[0m&amp#27;[32mum cliente com &amp#27;[0m&amp#27;[32m&amp#27;[1m12&amp#27;[0m&amp#27;[32m meses de cadastro, situação de crédito &amp#27;[0m&amp#27;[32m&amp#27;[1m"boa"&amp#27;[0m&amp#27;[32m, valor do último pedido &amp#27;[0m&amp#27;[32m&amp#27;[1m1500&amp#27;[0m&amp#27;[32m e último pagamento &amp#27;[0m&amp#27;[32m&amp#27;[1m750&amp#27;[0m                                            &amp#27;[90m# org.example.VerificarFormasPagamentoSteps.um_cliente_com_meses_de_cadastro_situacao_de_credito_valor_do_ultimo_pedido_e_ultimo_pagamento(int,java.lang.String,int,int)&amp#27;[0m
  &amp#27;[32mAnd &amp#27;[0m&amp#27;[32mum pedido com valor de entrada &amp#27;[0m&amp#27;[32m&amp#27;[1m300&amp#27;[0m&amp#27;[32m e valor total &amp#27;[0m&amp#27;[32m&amp#27;[1m1500&amp#27;[0m                                                                                                           &amp#27;[90m# org.example.VerificarFormasPagamentoSteps.um_pedido_com_valor_de_entrada_e_valor_total(int,int)&amp#27;[0m
  &amp#27;[32mWhen &amp#27;[0m&amp#27;[32mverificar as formas de pagamento disponíveis&amp#27;[0m                                                                                                                   &amp#27;[90m# org.example.VerificarFormasPagamentoSteps.verificar_as_formas_de_pagamento_disponiveis()&amp#27;[0m
  &amp#27;[32mThen &amp#27;[0m&amp#27;[32mas formas de pagamento disponíveis devem ser &amp#27;[0m&amp#27;[32m&amp#27;[1mPagamento à vista, Pagamento em 2 vezes com juros, Pagamento em 3 vezes sem juros, Pagamento em 6 vezes sem juros&amp#27;[0m &amp#27;[90m# org.example.VerificarFormasPagamentoSteps.as_formas_de_pagamento_disponíveis_devem_ser(java.lang.String)&amp#27;[0m
]]></system-out>
  </testcase>
  <testcase name="Verificar formas de pagamento disponíveis para o cliente - Cliente elegível para múltiplas formas de pagamento - Examples - Example #1.3" classname="Verificar formas de pagamento disponíveis para o cliente - Cliente elegível para múltiplas formas de pagamento - Examples" time="0.013">
    <system-out><![CDATA[
Scenario Outline: Cliente elegível para múltiplas formas de pagamento                                                        &amp#27;[90m# src/test/resources/org/example/verificar_formas_pagamento.feature:13&amp#27;[0m
  &amp#27;[32mGiven &amp#27;[0m&amp#27;[32mum cliente com &amp#27;[0m&amp#27;[32m&amp#27;[1m7&amp#27;[0m&amp#27;[32m meses de cadastro, situação de crédito &amp#27;[0m&amp#27;[32m&amp#27;[1m"regular"&amp#27;[0m&amp#27;[32m, valor do último pedido &amp#27;[0m&amp#27;[32m&amp#27;[1m800&amp#27;[0m&amp#27;[32m e último pagamento &amp#27;[0m&amp#27;[32m&amp#27;[1m400&amp#27;[0m &amp#27;[90m# org.example.VerificarFormasPagamentoSteps.um_cliente_com_meses_de_cadastro_situacao_de_credito_valor_do_ultimo_pedido_e_ultimo_pagamento(int,java.lang.String,int,int)&amp#27;[0m
  &amp#27;[32mAnd &amp#27;[0m&amp#27;[32mum pedido com valor de entrada &amp#27;[0m&amp#27;[32m&amp#27;[1m200&amp#27;[0m&amp#27;[32m e valor total &amp#27;[0m&amp#27;[32m&amp#27;[1m1000&amp#27;[0m                                                                  &amp#27;[90m# org.example.VerificarFormasPagamentoSteps.um_pedido_com_valor_de_entrada_e_valor_total(int,int)&amp#27;[0m
  &amp#27;[32mWhen &amp#27;[0m&amp#27;[32mverificar as formas de pagamento disponíveis&amp#27;[0m                                                                          &amp#27;[90m# org.example.VerificarFormasPagamentoSteps.verificar_as_formas_de_pagamento_disponiveis()&amp#27;[0m
  &amp#27;[32mThen &amp#27;[0m&amp#27;[32mas formas de pagamento disponíveis devem ser &amp#27;[0m&amp#27;[32m&amp#27;[1mPagamento à vista, Pagamento em 2 vezes com juros&amp#27;[0m                        &amp#27;[90m# org.example.VerificarFormasPagamentoSteps.as_formas_de_pagamento_disponíveis_devem_ser(java.lang.String)&amp#27;[0m
]]></system-out>
  </testcase>
</testsuite>